Arguments: 
  /home/dell/.nvm/versions/node/v16.1.0/bin/node /usr/share/yarn/bin/yarn.js add nodemon

PATH: 
  /home/dell/.nvm/versions/node/v16.1.0/bin:/usr/local/sbin:/usr/local/bin:/usr/sbin:/usr/bin:/sbin:/bin:/usr/games:/usr/local/games:/snap/bin:/home/dell/Android/Sdk/emulator:/home/dell/Android/Sdk/tools:/home/dell/Android/Sdk/tools/bin:/home/dell/Android/Sdk/platform-tools

Yarn version: 
  1.22.15

Node version: 
  16.1.0

Platform: 
  linux x64

Trace: 
  SyntaxError: /home/dell/project/puppeter-pdf/package.json: Unexpected end of JSON input
      at JSON.parse (<anonymous>)
      at /usr/share/yarn/lib/cli.js:1625:59
      at Generator.next (<anonymous>)
      at step (/usr/share/yarn/lib/cli.js:310:30)
      at /usr/share/yarn/lib/cli.js:321:13

npm manifest: 
  

yarn manifest: 
  No manifest

Lockfile: 
  No lockfile
